<?xml version="1.0" encoding="UTF-8"?>
<!-- Generated by org.testng.reporters.JUnitXMLReporter -->
<testsuite ignored="0" hostname="DESKTOP-QSD88I6" failures="0" tests="1" name="Chrome" time="3.41" errors="0" timestamp="2023-09-27T19:30:21 IST">
  <testcase classname="testBase.BaseClass" name="@BeforeClass setup" time="3.368">
    <failure type="java.lang.NullPointerException" message="Cannot invoke &amp;quot;java.util.ResourceBundle.getString(String)&amp;quot; because &amp;quot;this.rb&amp;quot; is null">
      <![CDATA[java.lang.NullPointerException: Cannot invoke "java.util.ResourceBundle.getString(String)" because "this.rb" is null
at testBase.BaseClass.setup(BaseClass.java:62)
at java.base/java.util.ArrayList.forEach(ArrayList.java:1511)
... Removed 25 stack frames]]>
    </failure>
  </testcase> <!-- @BeforeClass setup -->
  <testcase classname="testBase.BaseClass" name="@AfterClass tearDown" time="-1.695823221667E9">
    <skipped/>
  </testcase> <!-- @AfterClass tearDown -->
  <testcase classname="testCases.TC_001_AccountRegistrationtTest" name="test_account_Registration" time="0.0">
    <skipped/>
  </testcase> <!-- test_account_Registration -->
</testsuite> <!-- Chrome -->
